2020-11-02 13:13:59,881-__main__-INFO-sss
2020-11-02 14:43:22,879-log.log_function-INFO-元素<selenium.webdriver.remote.webelement.WebElement (session="e5e79304f8f41a8c89568c1784d5e6bc", element="b7ea6369-101c-458c-b72c-f8933b597b7d")>定位成功
2020-11-02 14:43:22,939-log.log_function-INFO-用户输入框输入成功
2020-11-02 14:43:22,940-log.log_function-INFO-正确输入用户名test02
2020-11-02 14:43:22,953-log.log_function-INFO-元素<selenium.webdriver.remote.webelement.WebElement (session="e5e79304f8f41a8c89568c1784d5e6bc", element="6449f604-fdf9-45fa-bb60-e75151a33c89")>定位成功
2020-11-02 14:43:23,029-log.log_function-INFO-密码输入框输入成功
2020-11-02 14:43:23,029-log.log_function-INFO-正确输入用户名newdream123
2020-11-02 14:43:23,042-log.log_function-INFO-元素<selenium.webdriver.remote.webelement.WebElement (session="e5e79304f8f41a8c89568c1784d5e6bc", element="6ec77c7b-367f-4a53-93b3-5a45404b1388")>定位成功
2020-11-02 14:43:23,101-log.log_function-INFO-成功点击登录按钮这个元素
2020-11-02 14:43:23,101-log.log_function-INFO-正确登录
2020-11-02 14:58:21,025-log.log_function-INFO-元素<selenium.webdriver.remote.webelement.WebElement (session="1e377e1c896dba01a20c886c6a5b4a79", element="a9babded-e763-4c6a-bcd8-32626aa9ad7a")>定位成功
2020-11-02 14:58:21,091-log.log_function-INFO-用户输入框输入成功
2020-11-02 14:58:21,092-log.log_function-INFO-正确输入用户名test01
2020-11-02 14:58:21,110-log.log_function-INFO-元素<selenium.webdriver.remote.webelement.WebElement (session="1e377e1c896dba01a20c886c6a5b4a79", element="f44ee127-53ea-4b9c-9675-0595929f871c")>定位成功
2020-11-02 14:58:21,245-log.log_function-INFO-密码输入框输入成功
2020-11-02 14:58:21,245-log.log_function-INFO-正确输入用户名newdream123
2020-11-02 14:58:21,266-log.log_function-INFO-元素<selenium.webdriver.remote.webelement.WebElement (session="1e377e1c896dba01a20c886c6a5b4a79", element="792d6b53-79d5-4138-8c86-f67c23db3ec4")>定位成功
2020-11-02 14:58:21,330-log.log_function-INFO-成功点击登录按钮这个元素
2020-11-02 14:58:21,330-log.log_function-INFO-正确登录
2020-11-02 15:00:42,404-log.log_function-INFO-元素<selenium.webdriver.remote.webelement.WebElement (session="9370680c90da1a599f9c928e7bdc807a", element="275687ba-8817-472b-9387-598b7446c8d1")>定位成功
2020-11-02 15:00:42,470-log.log_function-INFO-用户输入框输入成功
2020-11-02 15:00:42,471-log.log_function-INFO-正确输入用户名test01
2020-11-02 15:00:42,495-log.log_function-INFO-元素<selenium.webdriver.remote.webelement.WebElement (session="9370680c90da1a599f9c928e7bdc807a", element="b96af6da-c70d-4a13-a971-130c4ec8a752")>定位成功
2020-11-02 15:00:42,638-log.log_function-INFO-密码输入框输入成功
2020-11-02 15:00:42,639-log.log_function-INFO-正确输入用户名newdream123
2020-11-02 15:00:42,662-log.log_function-INFO-元素<selenium.webdriver.remote.webelement.WebElement (session="9370680c90da1a599f9c928e7bdc807a", element="2415d47a-1bf8-405b-93c9-5676ddffbf1d")>定位成功
2020-11-02 15:00:42,736-log.log_function-INFO-成功点击登录按钮这个元素
2020-11-02 15:00:42,736-log.log_function-INFO-正确登录
2020-11-02 15:01:31,129-log.log_function-INFO-元素<selenium.webdriver.remote.webelement.WebElement (session="5aa0db29f5d6594d49b89204a9256da9", element="a7e6826c-6637-412c-82d0-4e3d21ffb9ba")>定位成功
2020-11-02 15:01:31,201-log.log_function-INFO-用户输入框输入成功
2020-11-02 15:01:31,202-log.log_function-INFO-正确输入用户名test01
2020-11-02 15:01:31,224-log.log_function-INFO-元素<selenium.webdriver.remote.webelement.WebElement (session="5aa0db29f5d6594d49b89204a9256da9", element="dea13a2c-b461-49db-aa20-4c4e549a3b40")>定位成功
2020-11-02 15:01:31,336-log.log_function-INFO-密码输入框输入成功
2020-11-02 15:01:31,336-log.log_function-INFO-正确输入用户名newdream123
2020-11-02 15:01:31,357-log.log_function-INFO-元素<selenium.webdriver.remote.webelement.WebElement (session="5aa0db29f5d6594d49b89204a9256da9", element="6e7d3f39-dfd8-4c01-aadd-f4c81b98e6f4")>定位成功
2020-11-02 15:01:31,429-log.log_function-INFO-成功点击登录按钮这个元素
2020-11-02 15:01:31,429-log.log_function-INFO-正确登录
2020-11-02 15:01:33,313-log.log_function-INFO-元素<selenium.webdriver.remote.webelement.WebElement (session="5aa0db29f5d6594d49b89204a9256da9", element="bee31027-1599-4a1e-b564-0bed7cc22396")>定位成功
2020-11-02 15:01:33,326-log.log_function-INFO-成功获取公司名称Selenium自动化测试
2020-11-02 15:03:18,962-log.log_function-INFO-元素<selenium.webdriver.remote.webelement.WebElement (session="5d7ef62679e98dc3e0ecc3a2d12570b7", element="0b056513-bb2f-49c3-8ca1-3480310820c4")>定位成功
2020-11-02 15:03:19,033-log.log_function-INFO-用户输入框输入成功
2020-11-02 15:03:19,034-log.log_function-INFO-正确输入用户名test01
2020-11-02 15:03:19,055-log.log_function-INFO-元素<selenium.webdriver.remote.webelement.WebElement (session="5d7ef62679e98dc3e0ecc3a2d12570b7", element="06628e86-d277-4eea-a4b6-101c8fccf0f1")>定位成功
2020-11-02 15:03:19,180-log.log_function-INFO-密码输入框输入成功
2020-11-02 15:03:19,180-log.log_function-INFO-正确输入用户名newdream123
2020-11-02 15:03:19,202-log.log_function-INFO-元素<selenium.webdriver.remote.webelement.WebElement (session="5d7ef62679e98dc3e0ecc3a2d12570b7", element="efd21908-8f63-4ee7-9fcf-ec8758ebabeb")>定位成功
2020-11-02 15:03:19,274-log.log_function-INFO-成功点击登录按钮这个元素
2020-11-02 15:03:19,274-log.log_function-INFO-正确登录
2020-11-02 15:03:21,395-log.log_function-INFO-元素<selenium.webdriver.remote.webelement.WebElement (session="5d7ef62679e98dc3e0ecc3a2d12570b7", element="fbc205fa-2606-4fc9-89b1-a0212d10d0bd")>定位成功
2020-11-02 15:03:21,405-log.log_function-INFO-成功获取公司名称Selenium自动化测试
2020-11-02 15:03:21,423-log.log_function-INFO-元素<selenium.webdriver.remote.webelement.WebElement (session="5d7ef62679e98dc3e0ecc3a2d12570b7", element="d3aa77ad-cc5c-4117-bfff-d95aa7654883")>定位成功
2020-11-02 15:03:21,855-log.log_function-INFO-成功进入产品界面
2020-11-02 15:03:24,876-log.log_function-INFO-元素<selenium.webdriver.remote.webelement.WebElement (session="5d7ef62679e98dc3e0ecc3a2d12570b7", element="7332de85-ddf3-4572-8fb5-278e58b7910b")>定位成功
2020-11-02 15:03:27,923-log.log_function-INFO-元素<selenium.webdriver.remote.webelement.WebElement (session="5d7ef62679e98dc3e0ecc3a2d12570b7", element="318bc9fc-b996-4cb7-be3b-e93aba910b32")>定位成功
2020-11-02 15:03:28,485-log.log_function-INFO-成功进入我的地盘
2020-11-02 15:04:51,849-log.log_function-INFO-元素<selenium.webdriver.remote.webelement.WebElement (session="7e18a3eff89516376ca46f9f31813735", element="aa0e6d4e-0ebc-4117-a320-4d023c2d6e5c")>定位成功
2020-11-02 15:04:51,915-log.log_function-INFO-用户输入框输入成功
2020-11-02 15:04:51,915-log.log_function-INFO-正确输入用户名test01
2020-11-02 15:04:51,940-log.log_function-INFO-元素<selenium.webdriver.remote.webelement.WebElement (session="7e18a3eff89516376ca46f9f31813735", element="71b466a5-010a-4a02-99b0-89afbaf050fa")>定位成功
2020-11-02 15:04:52,059-log.log_function-INFO-密码输入框输入成功
2020-11-02 15:04:52,060-log.log_function-INFO-正确输入用户名newdream123
2020-11-02 15:04:52,083-log.log_function-INFO-元素<selenium.webdriver.remote.webelement.WebElement (session="7e18a3eff89516376ca46f9f31813735", element="d73737bc-3e3d-4a21-a593-6a94f2c91e60")>定位成功
2020-11-02 15:04:52,153-log.log_function-INFO-成功点击登录按钮这个元素
2020-11-02 15:04:52,153-log.log_function-INFO-正确登录
2020-11-02 15:04:53,889-log.log_function-INFO-元素<selenium.webdriver.remote.webelement.WebElement (session="7e18a3eff89516376ca46f9f31813735", element="b05f82ca-86c9-4a5a-b800-ea9315579b70")>定位成功
2020-11-02 15:04:53,913-log.log_function-INFO-成功获取公司名称Selenium自动化测试
2020-11-02 15:04:53,943-log.log_function-INFO-元素<selenium.webdriver.remote.webelement.WebElement (session="7e18a3eff89516376ca46f9f31813735", element="b8758de6-72b7-48f5-9e6d-5dcd0384a08d")>定位成功
2020-11-02 15:04:54,406-log.log_function-INFO-成功进入产品界面
2020-11-02 15:04:57,426-log.log_function-INFO-元素<selenium.webdriver.remote.webelement.WebElement (session="7e18a3eff89516376ca46f9f31813735", element="f11b1258-6106-4536-81c9-700b10c8fd22")>定位成功
2020-11-02 15:05:00,469-log.log_function-INFO-元素<selenium.webdriver.remote.webelement.WebElement (session="7e18a3eff89516376ca46f9f31813735", element="258bbb81-8def-4d49-84ee-3e407fd08495")>定位成功
2020-11-02 15:05:01,055-log.log_function-INFO-成功进入我的地盘
